#
# A fatal error has been detected by the Java Runtime Environment:
#
#  SIGSEGV (0xb) at pc=0x00007fffb3ce6232, pid=804, tid=0x0000000000000307
#
# JRE version: Java(TM) SE Runtime Environment (8.0_112-b16) (build 1.8.0_112-b16)
# Java VM: Java HotSpot(TM) 64-Bit Server VM (25.112-b16 mixed mode bsd-amd64 compressed oops)
# Problematic frame:
# C  [libsystem_trace.dylib+0xb232]  _os_trace_location_for_address+0x1c
#
# Failed to write core dump. Core dumps have been disabled. To enable core dumping, try "ulimit -c unlimited" before starting Java again
#
# If you would like to submit a bug report, please visit:
#   http://bugreport.java.com/bugreport/crash.jsp
# The crash happened outside the Java Virtual Machine in native code.
# See problematic frame for where to report the bug.
#

---------------  T H R E A D  ---------------

Current thread (0x00007f8eed0ac000):  JavaThread "JavaFX Application Thread" [_thread_in_native, id=775, stack(0x00007fff5a2f8000,0x00007fff5aaf8000)]

siginfo: si_signo: 11 (SIGSEGV), si_code: 1 (SEGV_MAPERR), si_addr: 0x0000000000000018

Registers:
RAX=0x0000000000000000, RBX=0x0000000000000000, RCX=0x00007fff5aaf12ce, RDX=0x00007fff5aaf1b50
RSP=0x00007fff5aaf11d0, RBP=0x00007fff5aaf11f0, RSI=0x0000000113a649f4, RDI=0x0000000000000000
R8 =0x0000000000000000, R9 =0x0000000113a649f4, R10=0x0000000000000001, R11=0x0000000000000400
R12=0x00007fff5aaf1b50, R13=0x0000000113a649f4, R14=0x00007fff5aaf12ce, R15=0x0000000113a649f4
RIP=0x00007fffb3ce6232, EFLAGS=0x0000000000010206, ERR=0x0000000000000004
  TRAPNO=0x000000000000000e

Top of Stack: (sp=0x00007fff5aaf11d0)
0x00007fff5aaf11d0:   0000000113a649f4 00007fffb3cf779a
0x00007fff5aaf11e0:   bf4c45d3e1e9006e 00007fffbc7d6df0
0x00007fff5aaf11f0:   00007fff5aaf2040 00007fffb3cf0b0f
0x00007fff5aaf1200:   00007fff5aaf1fe0 00007fffb3cf076a
0x00007fff5aaf1210:   0000000110ff7b18 00007fff5aaf2490
0x00007fff5aaf1220:   0000000000006425 0000000000000000
0x00007fff5aaf1230:   0000000000000000 0000000000000000
0x00007fff5aaf1240:   0000000000000000 0000000000000000
0x00007fff5aaf1250:   0000000000000000 0000000000000000
0x00007fff5aaf1260:   0000000000000000 0000000000000000
0x00007fff5aaf1270:   0000000000000000 0000000000000000
0x00007fff5aaf1280:   0000000000000000 0000000000000000
0x00007fff5aaf1290:   0000000000000000 0000000000000000
0x00007fff5aaf12a0:   0000000000000000 0000000000000000
0x00007fff5aaf12b0:   0000000000000000 0000000000000000
0x00007fff5aaf12c0:   0000000000000000 0000000000000000
0x00007fff5aaf12d0:   0000000000000000 0000000000000000
0x00007fff5aaf12e0:   0000000000000000 0000000000000000
0x00007fff5aaf12f0:   0000000000000000 0000000000000000
0x00007fff5aaf1300:   0000000000000000 0000000000000000
0x00007fff5aaf1310:   0000000000000000 0000000000000000
0x00007fff5aaf1320:   0000000000000000 0000000000000000
0x00007fff5aaf1330:   0000000000000000 0000000000000000
0x00007fff5aaf1340:   0000000000000000 0000000000000000
0x00007fff5aaf1350:   0000000000000000 0000000000000000
0x00007fff5aaf1360:   0000000000000000 0000000000000000
0x00007fff5aaf1370:   0000000000000000 0000000000000000
0x00007fff5aaf1380:   0000000000000000 0000000000000000
0x00007fff5aaf1390:   0000000000000000 0000000000000000
0x00007fff5aaf13a0:   0000000000000000 0000000000000000
0x00007fff5aaf13b0:   0000000000000000 0000000000000000
0x00007fff5aaf13c0:   0000000000000000 0000000000000000 

Instructions: (pc=0x00007fffb3ce6232)
0x00007fffb3ce6212:   2b 47 10 c3 55 48 89 e5 41 57 41 56 41 54 53 49
0x00007fffb3ce6222:   89 ce 49 89 d4 49 89 f7 48 89 fb 49 89 5c 24 10
0x00007fffb3ce6232:   83 7b 18 00 78 34 49 8d 54 24 18 83 7b 0c 02 75
0x00007fffb3ce6242:   58 48 8d 35 76 16 af 08 48 89 d7 e8 2c 0a 01 00 

Register to memory mapping:

RAX=0x0000000000000000 is an unknown value
RBX=0x0000000000000000 is an unknown value
RCX=0x00007fff5aaf12ce is pointing into the stack for thread: 0x00007f8eed0ac000
RDX=0x00007fff5aaf1b50 is pointing into the stack for thread: 0x00007f8eed0ac000
RSP=0x00007fff5aaf11d0 is pointing into the stack for thread: 0x00007f8eed0ac000
RBP=0x00007fff5aaf11f0 is pointing into the stack for thread: 0x00007f8eed0ac000
RSI=0x0000000113a649f4 is at code_begin+852 in an Interpreter codelet
method entry point (kind = native)  [0x0000000113a646a0, 0x0000000113a64fa0]  2304 bytes
RDI=0x0000000000000000 is an unknown value
R8 =0x0000000000000000 is an unknown value
R9 =0x0000000113a649f4 is at code_begin+852 in an Interpreter codelet
method entry point (kind = native)  [0x0000000113a646a0, 0x0000000113a64fa0]  2304 bytes
R10=0x0000000000000001 is an unknown value
R11=0x0000000000000400 is an unknown value
R12=0x00007fff5aaf1b50 is pointing into the stack for thread: 0x00007f8eed0ac000
R13=0x0000000113a649f4 is at code_begin+852 in an Interpreter codelet
method entry point (kind = native)  [0x0000000113a646a0, 0x0000000113a64fa0]  2304 bytes
R14=0x00007fff5aaf12ce is pointing into the stack for thread: 0x00007f8eed0ac000
R15=0x0000000113a649f4 is at code_begin+852 in an Interpreter codelet
method entry point (kind = native)  [0x0000000113a646a0, 0x0000000113a64fa0]  2304 bytes


Stack: [0x00007fff5a2f8000,0x00007fff5aaf8000],  sp=0x00007fff5aaf11d0,  free space=8164k
Native frames: (J=compiled Java code, j=interpreted, Vv=VM code, C=native code)
C  [libsystem_trace.dylib+0xb232]  _os_trace_location_for_address+0x1c
C  [libsystem_trace.dylib+0x15b0f]  _os_log_actual+0x86
C  [libsystem_trace.dylib+0x17d63]  os_log_with_args+0x50d
C  [libsystem_trace.dylib+0x18049]  os_log_shim_with_CFString+0x12b
C  [CoreFoundation+0xe2e35]  _CFLogvEx3+0xb5
C  [Foundation+0xa2d95]  _NSLogv+0x75
C  [Foundation+0x8df1e]  NSLog+0x98
j  com.sun.glass.ui.mac.MacTimer._initIDs()V+0
j  com.sun.glass.ui.mac.MacTimer.<clinit>()V+12
v  ~StubRoutines::call_stub
V  [libjvm.dylib+0x2edbd2]  JavaCalls::call_helper(JavaValue*, methodHandle*, JavaCallArguments*, Thread*)+0x6ae
V  [libjvm.dylib+0x2c07c5]  InstanceKlass::call_class_initializer_impl(instanceKlassHandle, Thread*)+0xbf
V  [libjvm.dylib+0x2c1e29]  InstanceKlass::initialize_impl(instanceKlassHandle, Thread*)+0x4b5
V  [libjvm.dylib+0x2c20bf]  InstanceKlass::initialize(Thread*)+0x3d
V  [libjvm.dylib+0x2e9624]  InterpreterRuntime::_new(JavaThread*, ConstantPool*, int)+0x5e
j  com.sun.glass.ui.mac.MacApplication.createTimer(Ljava/lang/Runnable;)Lcom/sun/glass/ui/Timer;+0
j  com.sun.javafx.tk.quantum.QuantumToolkit.runToolkit()V+71
j  com.sun.javafx.tk.quantum.QuantumToolkit.lambda$startup$403()V+1
j  com.sun.javafx.tk.quantum.QuantumToolkit$$Lambda$31.run()V+4
j  com.sun.glass.ui.Application.lambda$run$38(Ljava/lang/Runnable;)V+4
j  com.sun.glass.ui.Application$$Lambda$36.run()V+4
v  ~StubRoutines::call_stub
V  [libjvm.dylib+0x2edbd2]  JavaCalls::call_helper(JavaValue*, methodHandle*, JavaCallArguments*, Thread*)+0x6ae
V  [libjvm.dylib+0x324d61]  jni_invoke_nonstatic(JNIEnv_*, JavaValue*, _jobject*, JNICallType, _jmethodID*, JNI_ArgumentPusher*, Thread*)+0x2ec
V  [libjvm.dylib+0x31752f]  jni_CallVoidMethod+0x16b
C  [libglass.dylib+0x48e3]  -[GlassApplication applicationWillFinishLaunching:]+0x1a3
C  [CoreFoundation+0x9d59c]  __CFNOTIFICATIONCENTER_IS_CALLING_OUT_TO_AN_OBSERVER__+0xc
C  [CoreFoundation+0x9d49b]  _CFXRegistrationPost+0x1ab
C  [CoreFoundation+0x9d202]  ___CFXNotificationPost_block_invoke+0x32
C  [CoreFoundation+0x5a903]  -[_CFXNotificationRegistrar find:object:observer:enumerator:]+0x723
C  [CoreFoundation+0x5993c]  _CFXNotificationPost+0x25c
C  [Foundation+0x70e3]  -[NSNotificationCenter postNotificationName:object:userInfo:]+0x42
C  [AppKit+0x3b7f8]  -[NSApplication finishLaunching]+0x147
C  [AppKit+0x3b2aa]  -[NSApplication run]+0x10b
C  [libglass.dylib+0x651c]  -[GlassApplication runLoop:]+0x72c
C  [Foundation+0x71f2a]  __NSThreadPerformPerform+0x146
C  [CoreFoundation+0xa74b1]  __CFRUNLOOP_IS_CALLING_OUT_TO_A_SOURCE0_PERFORM_FUNCTION__+0x11
C  [CoreFoundation+0x8861d]  __CFRunLoopDoSources0+0x22d
C  [CoreFoundation+0x87b16]  __CFRunLoopRun+0x3a6
C  [CoreFoundation+0x87514]  CFRunLoopRunSpecific+0x1a4
C  [java+0x6465]  CreateExecutionEnvironment+0x367
C  [java+0x218c]  JLI_Launch+0x7a0
C  [java+0x84c2]  main+0x65
C  [java+0x19e4]  start+0x34
C  0x0000000000000006

Java frames: (J=compiled Java code, j=interpreted, Vv=VM code)
j  com.sun.glass.ui.mac.MacTimer._initIDs()V+0
j  com.sun.glass.ui.mac.MacTimer.<clinit>()V+12
v  ~StubRoutines::call_stub
j  com.sun.glass.ui.mac.MacApplication.createTimer(Ljava/lang/Runnable;)Lcom/sun/glass/ui/Timer;+0
j  com.sun.javafx.tk.quantum.QuantumToolkit.runToolkit()V+71
j  com.sun.javafx.tk.quantum.QuantumToolkit.lambda$startup$403()V+1
j  com.sun.javafx.tk.quantum.QuantumToolkit$$Lambda$31.run()V+4
j  com.sun.glass.ui.Application.lambda$run$38(Ljava/lang/Runnable;)V+4
j  com.sun.glass.ui.Application$$Lambda$36.run()V+4
v  ~StubRoutines::call_stub

---------------  P R O C E S S  ---------------

Java Threads: ( => current thread )
=>0x00007f8eed0ac000 JavaThread "JavaFX Application Thread" [_thread_in_native, id=775, stack(0x00007fff5a2f8000,0x00007fff5aaf8000)]
  0x00007f8eed0a6000 JavaThread "Thread-1" daemon [_thread_blocked, id=28675, stack(0x0000700003848000,0x0000700003948000)]
  0x00007f8eea85d000 JavaThread "QuantumRenderer-0" daemon [_thread_blocked, id=22275, stack(0x0000700003745000,0x0000700003845000)]
  0x00007f8eea82c800 JavaThread "Service Thread" daemon [_thread_blocked, id=21251, stack(0x000070000353f000,0x000070000363f000)]
  0x00007f8eec001800 JavaThread "C1 CompilerThread3" daemon [_thread_blocked, id=20739, stack(0x000070000343c000,0x000070000353c000)]
  0x00007f8eee873000 JavaThread "C2 CompilerThread2" daemon [_thread_blocked, id=20227, stack(0x0000700003339000,0x0000700003439000)]
  0x00007f8eee872800 JavaThread "C2 CompilerThread1" daemon [_thread_blocked, id=19715, stack(0x0000700003236000,0x0000700003336000)]
  0x00007f8eee812000 JavaThread "C2 CompilerThread0" daemon [_thread_blocked, id=19203, stack(0x0000700003133000,0x0000700003233000)]
  0x00007f8eee811800 JavaThread "Signal Dispatcher" daemon [_thread_blocked, id=18691, stack(0x0000700003030000,0x0000700003130000)]
  0x00007f8eea824800 JavaThread "Finalizer" daemon [_thread_blocked, id=14595, stack(0x0000700002f2d000,0x000070000302d000)]
  0x00007f8eee807800 JavaThread "Reference Handler" daemon [_thread_blocked, id=14083, stack(0x0000700002e2a000,0x0000700002f2a000)]
  0x00007f8eec000800 JavaThread "main" [_thread_in_native, id=7171, stack(0x000070000240c000,0x000070000250c000)]

Other Threads:
  0x00007f8eeb812800 VMThread [stack: 0x0000700002d27000,0x0000700002e27000] [id=13571]
  0x00007f8eea82d000 WatcherThread [stack: 0x0000700003642000,0x0000700003742000] [id=21763]

VM state:not at safepoint (normal execution)

VM Mutex/Monitor currently owned by a thread: None

Heap:
 PSYoungGen      total 76288K, used 9623K [0x000000076ab00000, 0x0000000770000000, 0x00000007c0000000)
  eden space 65536K, 14% used [0x000000076ab00000,0x000000076b465e78,0x000000076eb00000)
  from space 10752K, 0% used [0x000000076f580000,0x000000076f580000,0x0000000770000000)
  to   space 10752K, 0% used [0x000000076eb00000,0x000000076eb00000,0x000000076f580000)
 ParOldGen       total 175104K, used 0K [0x00000006c0000000, 0x00000006cab00000, 0x000000076ab00000)
  object space 175104K, 0% used [0x00000006c0000000,0x00000006c0000000,0x00000006cab00000)
 Metaspace       used 5743K, capacity 6294K, committed 6400K, reserved 1056768K
  class space    used 648K, capacity 746K, committed 768K, reserved 1048576K

Card table byte_map: [0x0000000107573000,0x0000000107d74000] byte_map_base: 0x0000000103f73000

Marking Bits: (ParMarkBitMap*) 0x0000000106af0d30
 Begin Bits: [0x00000001082ca000, 0x000000010c2ca000)
 End Bits:   [0x000000010c2ca000, 0x00000001102ca000)

Polling page: 0x00000001051fa000

CodeCache: size=245760Kb used=1792Kb max_used=1792Kb free=243967Kb
 bounds [0x0000000113a4d000, 0x0000000113cbd000, 0x0000000122a4d000]
 total_blobs=716 nmethods=347 adapters=283
 compilation: enabled

Compilation events (10 events):
Event: 0.327 Thread 0x00007f8eec001800  343       3       java.util.BitSet::checkInvariants (111 bytes)
Event: 0.327 Thread 0x00007f8eec001800 nmethod 343 0x0000000113c09250 code [0x0000000113c093c0, 0x0000000113c09550]
Event: 0.344 Thread 0x00007f8eec001800  344       3       java.util.Arrays::equals (78 bytes)
Event: 0.345 Thread 0x00007f8eec001800 nmethod 344 0x0000000113c0c210 code [0x0000000113c0c3a0, 0x0000000113c0c888]
Event: 0.345 Thread 0x00007f8eec001800  345       3       java.lang.invoke.MemberName::flagsMods (72 bytes)
Event: 0.345 Thread 0x00007f8eec001800 nmethod 345 0x0000000113c0ca10 code [0x0000000113c0cb80, 0x0000000113c0ccf0]
Event: 0.345 Thread 0x00007f8eec001800  346       3       java.lang.invoke.MemberName::init (66 bytes)
Event: 0.345 Thread 0x00007f8eec001800 nmethod 346 0x0000000113c0cd50 code [0x0000000113c0cec0, 0x0000000113c0d090]
Event: 0.345 Thread 0x00007f8eec001800  347  s    1       java.util.Vector::size (5 bytes)
Event: 0.346 Thread 0x00007f8eec001800 nmethod 347 0x0000000113c0d110 code [0x0000000113c0d260, 0x0000000113c0d4d0]

GC Heap History (0 events):
No events

Deoptimization events (0 events):
No events

Internal exceptions (9 events):
Event: 0.032 Thread 0x00007f8eec000800 Exception <a 'java/lang/NoSuchMethodError': Method sun.misc.Unsafe.defineClass(Ljava/lang/String;[BII)Ljava/lang/Class; name or signature does not match> (0x000000076ab07c78) thrown at [/Users/java_re/workspace/8-2-build-macosx-x86_64/jdk8u112/7935/hotspo
Event: 0.032 Thread 0x00007f8eec000800 Exception <a 'java/lang/NoSuchMethodError': Method sun.misc.Unsafe.prefetchRead(Ljava/lang/Object;J)V name or signature does not match> (0x000000076ab07f60) thrown at [/Users/java_re/workspace/8-2-build-macosx-x86_64/jdk8u112/7935/hotspot/src/share/vm/pri
Event: 0.136 Thread 0x00007f8eec000800 Exception <a 'java/lang/NoSuchFieldError': method resolution failed> (0x000000076addc9f8) thrown at [/Users/java_re/workspace/8-2-build-macosx-x86_64/jdk8u112/7935/hotspot/src/share/vm/prims/methodHandles.cpp, line 1146]
Event: 0.137 Thread 0x00007f8eec000800 Exception <a 'java/lang/NoSuchFieldError': method resolution failed> (0x000000076ade9d78) thrown at [/Users/java_re/workspace/8-2-build-macosx-x86_64/jdk8u112/7935/hotspot/src/share/vm/prims/methodHandles.cpp, line 1146]
Event: 0.156 Thread 0x00007f8eec000800 Exception <a 'java/security/PrivilegedActionException'> (0x000000076ae77650) thrown at [/Users/java_re/workspace/8-2-build-macosx-x86_64/jdk8u112/7935/hotspot/src/share/vm/prims/jvm.cpp, line 1390]
Event: 0.156 Thread 0x00007f8eec000800 Exception <a 'java/security/PrivilegedActionException'> (0x000000076ae77860) thrown at [/Users/java_re/workspace/8-2-build-macosx-x86_64/jdk8u112/7935/hotspot/src/share/vm/prims/jvm.cpp, line 1390]
Event: 0.156 Thread 0x00007f8eec000800 Exception <a 'java/security/PrivilegedActionException'> (0x000000076ae7ab68) thrown at [/Users/java_re/workspace/8-2-build-macosx-x86_64/jdk8u112/7935/hotspot/src/share/vm/prims/jvm.cpp, line 1390]
Event: 0.156 Thread 0x00007f8eec000800 Exception <a 'java/security/PrivilegedActionException'> (0x000000076ae7ad78) thrown at [/Users/java_re/workspace/8-2-build-macosx-x86_64/jdk8u112/7935/hotspot/src/share/vm/prims/jvm.cpp, line 1390]
Event: 0.157 Thread 0x00007f8eec000800 Exception <a 'java/lang/NullPointerException'> (0x000000076ae7b568) thrown at [/Users/java_re/workspace/8-2-build-macosx-x86_64/jdk8u112/7935/hotspot/src/share/vm/interpreter/linkResolver.cpp, line 1178]

Events (10 events):
Event: 0.330 loading class com/sun/prism/impl/ps/BaseShaderContext$SpecialShaderType
Event: 0.330 loading class com/sun/prism/impl/ps/BaseShaderContext$SpecialShaderType done
Event: 0.331 loading class com/sun/javafx/geom/Vec3d
Event: 0.331 loading class com/sun/javafx/geom/Vec3d done
Event: 0.344 loading class com/sun/prism/impl/ps/BaseShaderContext$State
Event: 0.344 loading class com/sun/prism/impl/ps/BaseShaderContext$State done
Event: 0.344 loading class com/sun/javafx/tk/quantum/QuantumToolkit
Event: 0.344 loading class com/sun/javafx/tk/quantum/QuantumToolkit done
Event: 0.345 loading class com/sun/javafx/tk/quantum/QuantumToolkit
Event: 0.345 loading class com/sun/javafx/tk/quantum/QuantumToolkit done


Dynamic libraries:
0x00000000297ce000 	/System/Library/Frameworks/Cocoa.framework/Versions/A/Cocoa
0x00000000297ce000 	/System/Library/Frameworks/Security.framework/Versions/A/Security
0x00000000297ce000 	/System/Library/Frameworks/ApplicationServices.framework/Versions/A/ApplicationServices
0x00000000297ce000 	/usr/lib/libz.1.dylib
0x00000000297ce000 	/usr/lib/libSystem.B.dylib
0x00000000297ce000 	/usr/lib/libobjc.A.dylib
0x00000000297ce000 	/System/Library/Frameworks/CoreFoundation.framework/Versions/A/CoreFoundation
0x00000000297ce000 	/System/Library/Frameworks/Foundation.framework/Versions/C/Foundation
0x00000000297ce000 	/System/Library/Frameworks/AppKit.framework/Versions/C/AppKit
0x00000000297ce000 	/System/Library/Frameworks/CoreData.framework/Versions/A/CoreData
0x00000000297ce000 	/System/Library/PrivateFrameworks/RemoteViewServices.framework/Versions/A/RemoteViewServices
0x00000000297ce000 	/System/Library/PrivateFrameworks/UIFoundation.framework/Versions/A/UIFoundation
0x00000000297ce000 	/usr/lib/libenergytrace.dylib
0x00000000297ce000 	/System/Library/PrivateFrameworks/SkyLight.framework/Versions/A/SkyLight
0x00000000297ce000 	/System/Library/Frameworks/CoreGraphics.framework/Versions/A/CoreGraphics
0x00000000297ce000 	/usr/lib/libScreenReader.dylib
0x00000000297ce000 	/System/Library/Frameworks/Accelerate.framework/Versions/A/Accelerate
0x00000000297ce000 	/System/Library/Frameworks/IOSurface.framework/Versions/A/IOSurface
0x00000000297ce000 	/System/Library/Frameworks/AudioToolbox.framework/Versions/A/AudioToolbox
0x00000000297ce000 	/System/Library/Frameworks/AudioUnit.framework/Versions/A/AudioUnit
0x00000000297ce000 	/System/Library/PrivateFrameworks/DataDetectorsCore.framework/Versions/A/DataDetectorsCore
0x00000000297ce000 	/System/Library/PrivateFrameworks/DesktopServicesPriv.framework/Versions/A/DesktopServicesPriv
0x00000000297ce000 	/System/Library/Frameworks/Carbon.framework/Versions/A/Frameworks/HIToolbox.framework/Versions/A/HIToolbox
0x00000000297ce000 	/usr/lib/libicucore.A.dylib
0x00000000297ce000 	/System/Library/Frameworks/QuartzCore.framework/Versions/A/QuartzCore
0x00000000297ce000 	/System/Library/Frameworks/Carbon.framework/Versions/A/Frameworks/SpeechRecognition.framework/Versions/A/SpeechRecognition
0x00000000297ce000 	/usr/lib/libauto.dylib
0x00000000297ce000 	/usr/lib/libxml2.2.dylib
0x00000000297ce000 	/System/Library/PrivateFrameworks/CoreUI.framework/Versions/A/CoreUI
0x00000000297ce000 	/System/Library/Frameworks/CoreAudio.framework/Versions/A/CoreAudio
0x00000000297ce000 	/System/Library/Frameworks/DiskArbitration.framework/Versions/A/DiskArbitration
0x00000000297ce000 	/usr/lib/liblangid.dylib
0x00000000297ce000 	/System/Library/PrivateFrameworks/MultitouchSupport.framework/Versions/A/MultitouchSupport
0x00000000297ce000 	/System/Library/Frameworks/IOKit.framework/Versions/A/IOKit
0x00000000297ce000 	/usr/lib/libDiagnosticMessagesClient.dylib
0x00000000297ce000 	/System/Library/Frameworks/CoreServices.framework/Versions/A/CoreServices
0x00000000297ce000 	/System/Library/PrivateFrameworks/PerformanceAnalysis.framework/Versions/A/PerformanceAnalysis
0x00000000297ce000 	/System/Library/PrivateFrameworks/GenerationalStorage.framework/Versions/A/GenerationalStorage
0x00000000297ce000 	/System/Library/Frameworks/OpenGL.framework/Versions/A/OpenGL
0x00000000297ce000 	/System/Library/Frameworks/CoreImage.framework/Versions/A/CoreImage
0x00000000297ce000 	/System/Library/Frameworks/CoreText.framework/Versions/A/CoreText
0x00000000297ce000 	/System/Library/Frameworks/ImageIO.framework/Versions/A/ImageIO
0x00000000297ce000 	/System/Library/PrivateFrameworks/Backup.framework/Versions/A/Backup
0x00000000297ce000 	/usr/lib/libarchive.2.dylib
0x00000000297ce000 	/System/Library/Frameworks/CFNetwork.framework/Versions/A/CFNetwork
0x00000000297ce000 	/System/Library/Frameworks/SystemConfiguration.framework/Versions/A/SystemConfiguration
0x00000000297ce000 	/usr/lib/libCRFSuite.dylib
0x00000000297ce000 	/usr/lib/libc++.1.dylib
0x00000000297ce000 	/usr/lib/libc++abi.dylib
0x00000000297ce000 	/usr/lib/system/libcache.dylib
0x00000000297ce000 	/usr/lib/system/libcommonCrypto.dylib
0x00000000297ce000 	/usr/lib/system/libcompiler_rt.dylib
0x00000000297ce000 	/usr/lib/system/libcopyfile.dylib
0x00000000297ce000 	/usr/lib/system/libcorecrypto.dylib
0x00000000297ce000 	/usr/lib/system/libdispatch.dylib
0x00000000297ce000 	/usr/lib/system/libdyld.dylib
0x00000000297ce000 	/usr/lib/system/libkeymgr.dylib
0x00000000297ce000 	/usr/lib/system/liblaunch.dylib
0x00000000297ce000 	/usr/lib/system/libmacho.dylib
0x00000000297ce000 	/usr/lib/system/libquarantine.dylib
0x00000000297ce000 	/usr/lib/system/libremovefile.dylib
0x00000000297ce000 	/usr/lib/system/libsystem_asl.dylib
0x00000000297ce000 	/usr/lib/system/libsystem_blocks.dylib
0x00000000297ce000 	/usr/lib/system/libsystem_c.dylib
0x00000000297ce000 	/usr/lib/system/libsystem_configuration.dylib
0x00000000297ce000 	/usr/lib/system/libsystem_coreservices.dylib
0x00000000297ce000 	/usr/lib/system/libsystem_coretls.dylib
0x00000000297ce000 	/usr/lib/system/libsystem_dnssd.dylib
0x00000000297ce000 	/usr/lib/system/libsystem_info.dylib
0x00000000297ce000 	/usr/lib/system/libsystem_kernel.dylib
0x00000000297ce000 	/usr/lib/system/libsystem_m.dylib
0x00000000297ce000 	/usr/lib/system/libsystem_malloc.dylib
0x00000000297ce000 	/usr/lib/system/libsystem_network.dylib
0x00000000297ce000 	/usr/lib/system/libsystem_networkextension.dylib
0x00000000297ce000 	/usr/lib/system/libsystem_notify.dylib
0x00000000297ce000 	/usr/lib/system/libsystem_platform.dylib
0x00000000297ce000 	/usr/lib/system/libsystem_pthread.dylib
0x00000000297ce000 	/usr/lib/system/libsystem_sandbox.dylib
0x00000000297ce000 	/usr/lib/system/libsystem_secinit.dylib
0x00000000297ce000 	/usr/lib/system/libsystem_symptoms.dylib
0x00000000297ce000 	/usr/lib/system/libsystem_trace.dylib
0x00000000297ce000 	/usr/lib/system/libunwind.dylib
0x00000000297ce000 	/usr/lib/system/libxpc.dylib
0x00000000297ce000 	/usr/lib/libbsm.0.dylib
0x00000000297ce000 	/usr/lib/system/libkxld.dylib
0x00000000297ce000 	/usr/lib/libcoretls.dylib
0x00000000297ce000 	/usr/lib/libcoretls_cfhelpers.dylib
0x00000000297ce000 	/usr/lib/libxar.1.dylib
0x00000000297ce000 	/usr/lib/libsqlite3.dylib
0x00000000297ce000 	/usr/lib/libpam.2.dylib
0x00000000297ce000 	/usr/lib/libOpenScriptingUtil.dylib
0x00000000297ce000 	/usr/lib/libbz2.1.0.dylib
0x00000000297ce000 	/usr/lib/liblzma.5.dylib
0x00000000297ce000 	/usr/lib/libnetwork.dylib
0x00000000297ce000 	/usr/lib/libpcap.A.dylib
0x00000000297ce000 	/System/Library/Frameworks/CoreServices.framework/Versions/A/Frameworks/FSEvents.framework/Versions/A/FSEvents
0x00000000297ce000 	/System/Library/Frameworks/CoreServices.framework/Versions/A/Frameworks/CarbonCore.framework/Versions/A/CarbonCore
0x00000000297ce000 	/System/Library/Frameworks/CoreServices.framework/Versions/A/Frameworks/Metadata.framework/Versions/A/Metadata
0x00000000297ce000 	/System/Library/Frameworks/CoreServices.framework/Versions/A/Frameworks/OSServices.framework/Versions/A/OSServices
0x00000000297ce000 	/System/Library/Frameworks/CoreServices.framework/Versions/A/Frameworks/SearchKit.framework/Versions/A/SearchKit
0x00000000297ce000 	/System/Library/Frameworks/CoreServices.framework/Versions/A/Frameworks/AE.framework/Versions/A/AE
0x00000000297ce000 	/System/Library/Frameworks/CoreServices.framework/Versions/A/Frameworks/LaunchServices.framework/Versions/A/LaunchServices
0x00000000297ce000 	/System/Library/Frameworks/CoreServices.framework/Versions/A/Frameworks/DictionaryServices.framework/Versions/A/DictionaryServices
0x00000000297ce000 	/System/Library/Frameworks/CoreServices.framework/Versions/A/Frameworks/SharedFileList.framework/Versions/A/SharedFileList
0x00000000297ce000 	/System/Library/Frameworks/NetFS.framework/Versions/A/NetFS
0x00000000297ce000 	/System/Library/PrivateFrameworks/NetAuth.framework/Versions/A/NetAuth
0x00000000297ce000 	/System/Library/PrivateFrameworks/login.framework/Versions/A/Frameworks/loginsupport.framework/Versions/A/loginsupport
0x00000000297ce000 	/System/Library/PrivateFrameworks/TCC.framework/Versions/A/TCC
0x00000000297ce000 	/usr/lib/libmecabra.dylib
0x00000000297ce000 	/System/Library/Frameworks/ApplicationServices.framework/Versions/A/Frameworks/ATS.framework/Versions/A/ATS
0x00000000297ce000 	/System/Library/Frameworks/ApplicationServices.framework/Versions/A/Frameworks/ColorSync.framework/Versions/A/ColorSync
0x00000000297ce000 	/System/Library/Frameworks/ApplicationServices.framework/Versions/A/Frameworks/HIServices.framework/Versions/A/HIServices
0x00000000297ce000 	/System/Library/Frameworks/ApplicationServices.framework/Versions/A/Frameworks/LangAnalysis.framework/Versions/A/LangAnalysis
0x00000000297ce000 	/System/Library/Frameworks/ApplicationServices.framework/Versions/A/Frameworks/PrintCore.framework/Versions/A/PrintCore
0x00000000297ce000 	/System/Library/Frameworks/ApplicationServices.framework/Versions/A/Frameworks/QD.framework/Versions/A/QD
0x00000000297ce000 	/System/Library/Frameworks/ApplicationServices.framework/Versions/A/Frameworks/SpeechSynthesis.framework/Versions/A/SpeechSynthesis
0x00000000297ce000 	/System/Library/Frameworks/Accelerate.framework/Versions/A/Frameworks/vImage.framework/Versions/A/vImage
0x00000000297ce000 	/System/Library/Frameworks/Accelerate.framework/Versions/A/Frameworks/vecLib.framework/Versions/A/vecLib
0x00000000297ce000 	/System/Library/Frameworks/Accelerate.framework/Versions/A/Frameworks/vecLib.framework/Versions/A/libvDSP.dylib
0x00000000297ce000 	/System/Library/Frameworks/Accelerate.framework/Versions/A/Frameworks/vecLib.framework/Versions/A/libBNNS.dylib
0x00000000297ce000 	/System/Library/Frameworks/Accelerate.framework/Versions/A/Frameworks/vecLib.framework/Versions/A/libQuadrature.dylib
0x00000000297ce000 	/System/Library/Frameworks/Accelerate.framework/Versions/A/Frameworks/vecLib.framework/Versions/A/libvMisc.dylib
0x00000000297ce000 	/System/Library/Frameworks/Accelerate.framework/Versions/A/Frameworks/vecLib.framework/Versions/A/libLAPACK.dylib
0x00000000297ce000 	/System/Library/Frameworks/Accelerate.framework/Versions/A/Frameworks/vecLib.framework/Versions/A/libBLAS.dylib
0x00000000297ce000 	/System/Library/Frameworks/Accelerate.framework/Versions/A/Frameworks/vecLib.framework/Versions/A/libLinearAlgebra.dylib
0x00000000297ce000 	/System/Library/Frameworks/Accelerate.framework/Versions/A/Frameworks/vecLib.framework/Versions/A/libSparseBLAS.dylib
0x00000000297ce000 	/System/Library/Frameworks/ApplicationServices.framework/Versions/A/Frameworks/ATS.framework/Versions/A/Resources/libFontParser.dylib
0x00000000297ce000 	/System/Library/Frameworks/ApplicationServices.framework/Versions/A/Frameworks/ATS.framework/Versions/A/Resources/libFontRegistry.dylib
0x00000000297ce000 	/System/Library/Frameworks/ImageIO.framework/Versions/A/Resources/libJPEG.dylib
0x00000000297ce000 	/System/Library/Frameworks/ImageIO.framework/Versions/A/Resources/libTIFF.dylib
0x00000000297ce000 	/System/Library/Frameworks/ImageIO.framework/Versions/A/Resources/libPng.dylib
0x00000000297ce000 	/System/Library/Frameworks/ImageIO.framework/Versions/A/Resources/libGIF.dylib
0x00000000297ce000 	/System/Library/Frameworks/ImageIO.framework/Versions/A/Resources/libJP2.dylib
0x00000000297ce000 	/System/Library/Frameworks/ImageIO.framework/Versions/A/Resources/libRadiance.dylib
0x00000000297ce000 	/usr/lib/libcompression.dylib
0x00000000297ce000 	/System/Library/PrivateFrameworks/AppleJPEG.framework/Versions/A/AppleJPEG
0x00000000297ce000 	/usr/lib/libcups.2.dylib
0x00000000297ce000 	/System/Library/Frameworks/Kerberos.framework/Versions/A/Kerberos
0x00000000297ce000 	/System/Library/Frameworks/GSS.framework/Versions/A/GSS
0x00000000297ce000 	/usr/lib/libresolv.9.dylib
0x00000000297ce000 	/usr/lib/libiconv.2.dylib
0x00000000297ce000 	/System/Library/PrivateFrameworks/Heimdal.framework/Versions/A/Heimdal
0x00000000297ce000 	/usr/lib/libheimdal-asn1.dylib
0x00000000297ce000 	/System/Library/Frameworks/OpenDirectory.framework/Versions/A/OpenDirectory
0x00000000297ce000 	/System/Library/PrivateFrameworks/CommonAuth.framework/Versions/A/CommonAuth
0x00000000297ce000 	/System/Library/Frameworks/OpenDirectory.framework/Versions/A/Frameworks/CFOpenDirectory.framework/Versions/A/CFOpenDirectory
0x00000000297ce000 	/System/Library/Frameworks/SecurityFoundation.framework/Versions/A/SecurityFoundation
0x00000000297ce000 	/System/Library/PrivateFrameworks/LanguageModeling.framework/Versions/A/LanguageModeling
0x00000000297ce000 	/usr/lib/libmarisa.dylib
0x00000000297ce000 	/usr/lib/libChineseTokenizer.dylib
0x00000000297ce000 	/usr/lib/libcmph.dylib
0x00000000297ce000 	/System/Library/PrivateFrameworks/CoreEmoji.framework/Versions/A/CoreEmoji
0x00000000297ce000 	/System/Library/Frameworks/ServiceManagement.framework/Versions/A/ServiceManagement
0x00000000297ce000 	/usr/lib/libxslt.1.dylib
0x00000000297ce000 	/System/Library/Frameworks/Carbon.framework/Versions/A/Frameworks/Ink.framework/Versions/A/Ink
0x00000000297ce000 	/System/Library/PrivateFrameworks/TextureIO.framework/Versions/A/TextureIO
0x00000000297ce000 	/System/Library/Frameworks/Metal.framework/Versions/A/Metal
0x00000000297ce000 	/usr/lib/libate.dylib
0x00000000297ce000 	/System/Library/PrivateFrameworks/GPUCompiler.framework/libmetal_timestamp.dylib
0x00000000297ce000 	/System/Library/Frameworks/OpenGL.framework/Versions/A/Libraries/libCoreFSCache.dylib
0x00000000297ce000 	/System/Library/PrivateFrameworks/IOAccelerator.framework/Versions/A/IOAccelerator
0x00000000297ce000 	/System/Library/Frameworks/CoreVideo.framework/Versions/A/CoreVideo
0x00000000297ce000 	/usr/lib/libFosl_dynamic.dylib
0x00000000297ce000 	/System/Library/PrivateFrameworks/MetalPerformanceShaders.framework/Versions/A/MetalPerformanceShaders
0x00000000297ce000 	/System/Library/PrivateFrameworks/FaceCore.framework/Versions/A/FaceCore
0x00000000297ce000 	/System/Library/Frameworks/OpenCL.framework/Versions/A/OpenCL
0x00000000297ce000 	/System/Library/Frameworks/OpenGL.framework/Versions/A/Libraries/libGLU.dylib
0x00000000297ce000 	/System/Library/Frameworks/OpenGL.framework/Versions/A/Libraries/libGFXShared.dylib
0x00000000297ce000 	/System/Library/Frameworks/OpenGL.framework/Versions/A/Libraries/libGL.dylib
0x00000000297ce000 	/System/Library/Frameworks/OpenGL.framework/Versions/A/Libraries/libGLImage.dylib
0x00000000297ce000 	/System/Library/Frameworks/OpenGL.framework/Versions/A/Libraries/libCVMSPluginSupport.dylib
0x00000000297ce000 	/System/Library/Frameworks/OpenGL.framework/Versions/A/Libraries/libCoreVMClient.dylib
0x00000000297ce000 	/System/Library/PrivateFrameworks/CrashReporterSupport.framework/Versions/A/CrashReporterSupport
0x00000000297ce000 	/System/Library/PrivateFrameworks/Sharing.framework/Versions/A/Sharing
0x00000000297ce000 	/System/Library/PrivateFrameworks/IconServices.framework/Versions/A/IconServices
0x00000000297ce000 	/System/Library/PrivateFrameworks/ProtocolBuffer.framework/Versions/A/ProtocolBuffer
0x00000000297ce000 	/System/Library/PrivateFrameworks/Apple80211.framework/Versions/A/Apple80211
0x00000000297ce000 	/System/Library/Frameworks/CoreWLAN.framework/Versions/A/CoreWLAN
0x00000000297ce000 	/System/Library/PrivateFrameworks/CoreUtils.framework/Versions/A/CoreUtils
0x00000000297ce000 	/System/Library/Frameworks/IOBluetooth.framework/Versions/A/IOBluetooth
0x00000000297ce000 	/System/Library/PrivateFrameworks/CoreWiFi.framework/Versions/A/CoreWiFi
0x00000000297ce000 	/System/Library/Frameworks/CoreBluetooth.framework/Versions/A/CoreBluetooth
0x00000000297ce000 	/System/Library/Frameworks/CoreDisplay.framework/Versions/A/CoreDisplay
0x00000000297ce000 	/System/Library/PrivateFrameworks/IOPresentment.framework/Versions/A/IOPresentment
0x00000000297ce000 	/System/Library/PrivateFrameworks/DebugSymbols.framework/Versions/A/DebugSymbols
0x00000000297ce000 	/System/Library/PrivateFrameworks/CoreSymbolication.framework/Versions/A/CoreSymbolication
0x00000000297ce000 	/System/Library/PrivateFrameworks/Symbolication.framework/Versions/A/Symbolication
0x00000000297ce000 	/System/Library/PrivateFrameworks/AppleFSCompression.framework/Versions/A/AppleFSCompression
0x00000000297ce000 	/System/Library/PrivateFrameworks/SpeechRecognitionCore.framework/Versions/A/SpeechRecognitionCore
0x00000000297ce000 	/System/Library/PrivateFrameworks/ChunkingLibrary.framework/Versions/A/ChunkingLibrary
0x0000000106200000 	/Library/Java/JavaVirtualMachines/jdk1.8.0_112.jdk/Contents/Home/jre/lib/server/libjvm.dylib
0x00000000297ce000 	/usr/lib/libstdc++.6.dylib
0x00000001051b7000 	/Library/Java/JavaVirtualMachines/jdk1.8.0_112.jdk/Contents/Home/jre/lib/libverify.dylib
0x00000001051c5000 	/Library/Java/JavaVirtualMachines/jdk1.8.0_112.jdk/Contents/Home/jre/lib/libjava.dylib
0x00000001071aa000 	/Library/Java/JavaVirtualMachines/jdk1.8.0_112.jdk/Contents/Home/jre/lib/libzip.dylib
0x0000000113240000 	/System/Library/Frameworks/JavaVM.framework/Frameworks/JavaRuntimeSupport.framework/JavaRuntimeSupport
0x000000011325a000 	/System/Library/Frameworks/JavaVM.framework/Versions/A/Frameworks/JavaNativeFoundation.framework/Versions/A/JavaNativeFoundation
0x000000011326f000 	/System/Library/Frameworks/JavaVM.framework/Versions/A/JavaVM
0x00000000297ce000 	/System/Library/Frameworks/Carbon.framework/Versions/A/Carbon
0x000000011327c000 	/System/Library/PrivateFrameworks/JavaLaunching.framework/Versions/A/JavaLaunching
0x00000000297ce000 	/System/Library/Frameworks/Carbon.framework/Versions/A/Frameworks/CommonPanels.framework/Versions/A/CommonPanels
0x00000000297ce000 	/System/Library/Frameworks/Carbon.framework/Versions/A/Frameworks/Help.framework/Versions/A/Help
0x00000000297ce000 	/System/Library/Frameworks/Carbon.framework/Versions/A/Frameworks/ImageCapture.framework/Versions/A/ImageCapture
0x00000000297ce000 	/System/Library/Frameworks/Carbon.framework/Versions/A/Frameworks/OpenScripting.framework/Versions/A/OpenScripting
0x00000000297ce000 	/System/Library/Frameworks/Carbon.framework/Versions/A/Frameworks/Print.framework/Versions/A/Print
0x00000000297ce000 	/System/Library/Frameworks/Carbon.framework/Versions/A/Frameworks/SecurityHI.framework/Versions/A/SecurityHI
0x0000000113366000 	/Library/Java/JavaVirtualMachines/jdk1.8.0_112.jdk/Contents/Home/jre/lib/libprism_es2.dylib
0x00000000297ce000 	/System/Library/Frameworks/OpenGL.framework/Versions/A/Resources/GLEngine.bundle/GLEngine
0x00000000297ce000 	/System/Library/Frameworks/OpenGL.framework/Versions/A/Libraries/libGLProgrammability.dylib
0x0000000124303000 	/System/Library/Extensions/AppleIntelHD5000GraphicsGLDriver.bundle/Contents/MacOS/AppleIntelHD5000GraphicsGLDriver
0x00000000297ce000 	/System/Library/PrivateFrameworks/GPUSupport.framework/Versions/A/Libraries/libGPUSupportMercury.dylib
0x00000000297ce000 	/System/Library/Extensions/GeForceGLDriver.bundle/Contents/MacOS/GeForceGLDriver
0x00000000297ce000 	/System/Library/Extensions/GeForceGLDriver.bundle/Contents/MacOS/libclh.dylib
0x00000000297ce000 	/System/Library/Frameworks/OpenGL.framework/Versions/A/Resources/GLRendererFloat.bundle/GLRendererFloat
0x00000000297ce000 	/System/Library/Frameworks/OpenCL.framework/Versions/A/Libraries/libcldcpuengine.dylib
0x00000000297ce000 	/usr/lib/libcrypto.0.9.8.dylib
0x00000000297ce000 	/System/Library/PrivateFrameworks/TrustEvaluationAgent.framework/Versions/A/TrustEvaluationAgent
0x000000011363d000 	/Library/Java/JavaVirtualMachines/jdk1.8.0_112.jdk/Contents/Home/jre/lib/libglass.dylib
0x00000000297ce000 	/System/Library/PrivateFrameworks/CoreServicesInternal.framework/Versions/A/CoreServicesInternal
0x00000000297ce000 	/System/Library/CoreServices/RawCamera.bundle/Contents/MacOS/RawCamera
0x00000000297ce000 	/System/Library/Frameworks/Accelerate.framework/Versions/A/Frameworks/vImage.framework/Versions/A/Libraries/libCGInterfaces.dylib

VM Arguments:
jvm_args: -Dfile.encoding=UTF-8 
java_command: /Users/icloud/OneDrive/MCC/Algoritmos/CalendarizacionAlumnos/dist/run693870409/CalendarizacionAlumnos.jar
java_class_path (initial): /Users/icloud/OneDrive/MCC/Algoritmos/CalendarizacionAlumnos/dist/run693870409/CalendarizacionAlumnos.jar
Launcher Type: SUN_STANDARD

Environment Variables:
PATH=/usr/bin:/bin:/usr/sbin:/sbin
LD_LIBRARY_PATH=/Library/Java/JavaVirtualMachines/jdk1.8.0_112.jdk/Contents/Home/jre/lib/amd64:/Library/Java/JavaVirtualMachines/jdk1.8.0_112.jdk/Contents/Home/jre/lib/i386:
SHELL=/bin/bash
DISPLAY=/private/tmp/com.apple.launchd.tP4uB5jntj/org.macosforge.xquartz:0

Signal Handlers:
SIGSEGV: [libjvm.dylib+0x5b11a5], sa_mask[0]=11111111011111110111111111111111, sa_flags=SA_ONSTACK|SA_RESTART|SA_SIGINFO
SIGBUS: [libjvm.dylib+0x5b11a5], sa_mask[0]=11111111011111110111111111111111, sa_flags=SA_RESTART|SA_SIGINFO
SIGFPE: [libjvm.dylib+0x487dc0], sa_mask[0]=11111111011111110111111111111111, sa_flags=SA_RESTART|SA_SIGINFO
SIGPIPE: [libjvm.dylib+0x487dc0], sa_mask[0]=11111111011111110111111111111111, sa_flags=SA_RESTART|SA_SIGINFO
SIGXFSZ: [libjvm.dylib+0x487dc0], sa_mask[0]=11111111011111110111111111111111, sa_flags=SA_RESTART|SA_SIGINFO
SIGILL: [libjvm.dylib+0x487dc0], sa_mask[0]=11111111011111110111111111111111, sa_flags=SA_RESTART|SA_SIGINFO
SIGUSR1: SIG_DFL, sa_mask[0]=00000000000000000000000000000000, sa_flags=none
SIGUSR2: [libjvm.dylib+0x4878de], sa_mask[0]=00100000000000000000000000000000, sa_flags=SA_RESTART|SA_SIGINFO
SIGHUP: [libjvm.dylib+0x485eb5], sa_mask[0]=11111111011111110111111111111111, sa_flags=SA_RESTART|SA_SIGINFO
SIGINT: SIG_IGN, sa_mask[0]=00000000000000000000000000000000, sa_flags=none
SIGTERM: [libjvm.dylib+0x485eb5], sa_mask[0]=11111111011111110111111111111111, sa_flags=SA_RESTART|SA_SIGINFO
SIGQUIT: [libjvm.dylib+0x485eb5], sa_mask[0]=11111111011111110111111111111111, sa_flags=SA_RESTART|SA_SIGINFO


---------------  S Y S T E M  ---------------

OS:Bsduname:Darwin 16.1.0 Darwin Kernel Version 16.1.0: Thu Oct 13 21:26:57 PDT 2016; root:xnu-3789.21.3~60/RELEASE_X86_64 x86_64
rlimit: STACK 8192k, CORE 0k, NPROC 709, NOFILE 10240, AS infinity
load average:19.62 5.52 2.05

CPU:total 8 (4 cores per cpu, 2 threads per core) family 6 model 70 stepping 1, cmov, cx8, fxsr, mmx, sse, sse2, sse3, ssse3, sse4.1, sse4.2, popcnt, avx, avx2, aes, clmul, erms, rtm, lzcnt, ht, tsc, tscinvbit, bmi1, bmi2

Memory: 4k page, physical 16777216k(2995680k free)

/proc/meminfo:


vm_info: Java HotSpot(TM) 64-Bit Server VM (25.112-b16) for bsd-amd64 JRE (1.8.0_112-b16), built on Sep 30 2016 22:41:41 by "java_re" with gcc 4.2.1 (Based on Apple Inc. build 5658) (LLVM build 2336.11.00)

time: Wed Nov 23 12:19:26 2016
elapsed time: 0 seconds (0d 0h 0m 0s)

